commit cdaec1e94a550140f3bdbfe18081f7eac75f4bdb
Author: Matthew Lister <mdlister24@hotmail.com>
Date:   Wed May 29 09:05:53 2019 +0000

    Added shadow effect to header

 assets/css/style.css | 2 ++
 1 file changed, 2 insertions(+)

commit 0cc13544b0874dbb00c97b072b07eb5c0cee11d2
Author: Matthew Lister <mdlister24@hotmail.com>
Date:   Wed May 29 08:57:23 2019 +0000

    Committing after issues

 assets/css/style.css | 2 +-
 index.html           | 3 ---
 2 files changed, 1 insertion(+), 4 deletions(-)

commit 68fe18dada12fb919fb2d95d4c48740ad1adcf8a
Author: Matthew Lister <mdlister24@hotmail.com>
Date:   Wed May 29 08:19:59 2019 +0000

    Testing git commis

 index.html | 2 +-
 1 file changed, 1 insertion(+), 1 deletion(-)

commit 1822e9eb29fc50e6cabdb681d90c9bc95771d3b5
Author: Matthew Lister <mdlister24@hotmail.com>
Date:   Wed May 29 08:05:57 2019 +0000

    Changing content layout

 assets/css/style.css | 41 +----------------------------------------
 index.html           |  2 +-
 2 files changed, 2 insertions(+), 41 deletions(-)

commit e4b44f78d9b35548ddc1bc1b492a93a93e41b341
Author: Matthew Lister <mdlister24@hotmail.com>
Date:   Wed May 29 07:30:42 2019 +0000

    Not happy with layout

 index.html | 71 ++------------------------------------------------------------
 1 file changed, 2 insertions(+), 69 deletions(-)

commit 75a58c3690dbd08593ba04f9f602c059b6c3dc34
Author: Matthew Lister <mdlister24@hotmail.com>
Date:   Tue May 28 15:32:05 2019 +0000

    Trying different image sizes

 index.html | 22 ++++++++++++----------
 1 file changed, 12 insertions(+), 10 deletions(-)

commit 57d2ee2c227397234fdeb5fd6f92db768c4fb0a5
Author: Matthew Lister <mdlister24@hotmail.com>
Date:   Tue May 28 15:04:22 2019 +0000

    Added padding around title

 assets/css/style.css | 4 ++++
 1 file changed, 4 insertions(+)

commit cdb67ae247629da9f511a7d5a35c6f707fe50c9b
Author: Matthew Lister <mdlister24@hotmail.com>
Date:   Tue May 28 14:52:48 2019 +0000

    Added 2nd title header

 assets/css/style.css | 11 ++++++++++-
 index.html           | 11 ++---------
 2 files changed, 12 insertions(+), 10 deletions(-)

commit f3d745899467c6fa9c99279685a459c8d1c0e4d3
Author: Matthew Lister <mdlister24@hotmail.com>
Date:   Tue May 28 14:22:05 2019 +0000

    Header font decision and added

 assets/css/style.css | 28 +++++++++-------------------
 1 file changed, 9 insertions(+), 19 deletions(-)

commit 5e01ed1a9d26ee327439f7f0d84e69c9cf6b8a4d
Author: Matthew Lister <mdlister24@hotmail.com>
Date:   Tue May 28 13:52:32 2019 +0000

    Adding new fonts to css

 assets/css/style.css | 35 ++++++++++++++++++++++++++++++++++-
 1 file changed, 34 insertions(+), 1 deletion(-)

commit 23d7a79c30fd31e191ad73b1fa4d6e44b4ef4bf5
Author: Matthew Lister <mdlister24@hotmail.com>
Date:   Tue May 28 13:48:28 2019 +0000

    Added header

 index.html | 12 +++++++++++-
 1 file changed, 11 insertions(+), 1 deletion(-)

commit b3af9ad325d28abc3863dce5e26e89d6c6d04dc0
Author: Matthew Lister <mdlister24@hotmail.com>
Date:   Tue May 28 13:08:02 2019 +0000

    Image now spans full screen

 assets/css/style.css | 9 ++++++++-
 1 file changed, 8 insertions(+), 1 deletion(-)

commit 9ef0acd29599ca663380da9de862f7f7497328a9
Author: Matthew Lister <mdlister24@hotmail.com>
Date:   Tue May 28 12:48:03 2019 +0000

    Adding img borders via CSS

 assets/css/style.css | 22 ++++++++++++++++++++++
 1 file changed, 22 insertions(+)

commit c1054ca1c9746cde99f4014e98852ad02e40ac44
Author: Matthew Lister <mdlister24@hotmail.com>
Date:   Tue May 28 12:40:45 2019 +0000

    Changed the css file

 assets/css/style.css   | 22 ++--------------------
 assets/fonts/fonts.css |  0
 2 files changed, 2 insertions(+), 20 deletions(-)

commit c89fddc88aa8a78167689696fbde784d79436f55
Author: Matthew Lister <mdlister24@hotmail.com>
Date:   Tue May 28 12:28:55 2019 +0000

    Looking at image layout

 index.html | 73 +++++++++++++++++++++++++++++++++++++++++++++++++++++++++++---
 1 file changed, 70 insertions(+), 3 deletions(-)

commit efa9cdf3ead2287274d8240ffe200fe86a577036
Author: Matthew Lister <mdlister24@hotmail.com>
Date:   Tue May 28 12:03:49 2019 +0000

    Edited the index page

 index.html | 4 ++++
 1 file changed, 4 insertions(+)

commit 2e8bf7d2fedf0accf441201966f44225279c32d5
Author: Matthew Lister <mdlister24@hotmail.com>
Date:   Tue May 28 12:00:59 2019 +0000

    Edited index file

 index.html | 67 +++++++++-----------------------------------------------------
 1 file changed, 9 insertions(+), 58 deletions(-)

commit 2bab1ca7ac6f59c89a2974fa6e898f5dd63d516b
Author: Matthew Lister <mdlister24@hotmail.com>
Date:   Mon May 27 18:57:58 2019 +0000

    This is a test

 index.html | 72 ++++++++++++++++++++++++++++++++++++++++++++++++--------------
 1 file changed, 56 insertions(+), 16 deletions(-)

commit aaa5053d3449dd1a5b682bec81ada718223ec7ee
Author: Matthew Lister <mdlister24@hotmail.com>
Date:   Mon May 27 18:41:16 2019 +0000

    First commit

 README.md              |  4 ++--
 assets/css/style.css   | 10 +++++++++-
 assets/fonts/fonts.css |  0
 index.html             |  1 +
 4 files changed, 12 insertions(+), 3 deletions(-)

commit f7597e11abaabaeda24439fa2e10f0520e1de006
Author: Matthew Lister <mdlister24@hotmail.com>
Date:   Mon May 27 16:24:02 2019 +0000

    New files added

 assets/css/style.css | 2 ++
 1 file changed, 2 insertions(+)

commit 58998571932e0f3ce4111fbd7d889d5e8ba8d5da
Author: Matthew Lister <mdlister24@hotmail.com>
Date:   Mon May 27 15:14:22 2019 +0000

    Scrapped and started again

 assets/css/style.css         | 56 +++++---------------------------------------
 assets/js/jquery.flip.min.js | 17 +++-----------
 index.html                   | 36 ++++++++++------------------
 3 files changed, 22 insertions(+), 87 deletions(-)

commit 0ef96bd8d080bddfff0523f4dfc586b1d339f83e
Author: Matthew Lister <mdlister24@hotmail.com>
Date:   Sun May 26 11:03:48 2019 +0000

    Trying to get image to flip

 assets/css/style.css         |   3 ++-
 assets/images/sunset.jpg     | Bin 0 -> 51936 bytes
 assets/js/jquery.flip.min.js |  14 ++++++++++++++
 index.html                   |   8 +++++---
 4 files changed, 21 insertions(+), 4 deletions(-)

commit 2cebc322b2460d0e8b4658b462fcfc7d52584a24
Author: Matthew Lister <mdlister24@hotmail.com>
Date:   Sun May 26 10:39:44 2019 +0000

    Updated files

 assets/css/style.css | 71 +++++++++++++++++++++++++++++++++++++---------------
 index.html           | 15 ++++++-----
 2 files changed, 60 insertions(+), 26 deletions(-)

commit c733818b1aaafb46f07cfe48d92c8ac5094527a8
Author: Matthew Lister <mdlister24@hotmail.com>
Date:   Thu May 23 09:56:52 2019 +0000

    Added Jumbotron, changed color

 assets/images/biking.jpg         | Bin 0 -> 153250 bytes
 assets/images/climbing.jpg       | Bin 0 -> 52188 bytes
 assets/images/dubaibuggys.jpeg   | Bin 0 -> 7923 bytes
 assets/images/everest.jpg        | Bin 0 -> 562334 bytes
 assets/images/nileboat.jpg       | Bin 0 -> 202771 bytes
 assets/images/sharkadventure.jpg | Bin 0 -> 142589 bytes
 assets/images/skiing.jpg         | Bin 0 -> 176602 bytes
 assets/images/skydive.jpg        | Bin 0 -> 39931 bytes
 assets/images/womansurfing.jpg   | Bin 0 -> 262618 bytes
 index.html                       |  66 ++++++++-------------------------------
 10 files changed, 13 insertions(+), 53 deletions(-)

commit e9fd8bd8e90484acbd21742a8f4b286993d7027a
Author: Matthew Lister <mdlister24@hotmail.com>
Date:   Wed May 22 21:16:23 2019 +0000

    Adding content, nothing defintive to home and readme

 README.md  | 189 +++++++++++++++++++++++++++++++++++++++++++++++++++++++------
 index.html |  57 ++++++++++++++++++-
 2 files changed, 229 insertions(+), 17 deletions(-)

commit a1b5707b14c27401f29430057bbe89425aaf3fea
Author: Matthew Lister <mdlister24@hotmail.com>
Date:   Wed May 22 12:17:36 2019 +0000

    Added new folder

 assets/wireframes/New Wireframe 1.png     | Bin 0 -> 127897 bytes
 assets/wireframes/New Wireframe 3 (1).png | Bin 0 -> 60129 bytes
 assets/wireframes/New Wireframe 3.png     | Bin 0 -> 58393 bytes
 assets/wireframes/New Wireframe 4 (1).png | Bin 0 -> 61966 bytes
 assets/wireframes/New Wireframe 4.png     | Bin 0 -> 60474 bytes
 index.html                                |  64 ++++--------------------------
 6 files changed, 7 insertions(+), 57 deletions(-)

commit cf907338b24d31a47075f0942a571c2610ecb93b
Author: Matthew Lister <mdlister24@hotmail.com>
Date:   Fri May 3 13:28:16 2019 +0000

    Adding new pages and data

 README.md            | 26 ++++++++++++++++++++++
 TESTING.md           |  0
 assets/css/style.css | 24 ++++++++++++++++++++
 index.html           | 62 ++++++++++++++++++++++++++++++++++++++++++++++++++++
 4 files changed, 112 insertions(+)
